2013-04-21 14:27:51,620 [12] Orchard.DisplayManagement.Implementation.DefaultDisplayManager - RuntimeBinderException thrown from Action`1 by System.Action`1[[Orchard.DisplayManagement.Implementation.ShapeDisplayingContext, Orchard.Framework, Version=1.6.0.0, Culture=neutral, PublicKeyToken=null]]
Microsoft.CSharp.RuntimeBinder.RuntimeBinderException: Cannot implicitly convert type 'Orchard.Themes.Models.ThemeEntry' to 'Orchard.ContentManagement.ContentPart'
   at CallSite.Target(Closure , CallSite , Object )
   at System.Dynamic.UpdateDelegates.UpdateAndExecute1[T0,TRet](CallSite site, T0 arg0)
   at CallSite.Target(Closure , CallSite , Object )
   at Orchard.DesignerTools.Services.WidgetAlternatesFactory.<Displaying>b__5(ShapeDisplayingContext displayedContext) in d:\Projects\NASA Space Apps Challenge\Implementation\Orchard.Source.1.6\src\Orchard.Web\Modules\Orchard.DesignerTools\Services\WidgetAlternatesFactory.cs:line 18
   at Orchard.DisplayManagement.Implementation.DefaultDisplayManager.<>c__DisplayClassc.<Execute>b__5(Action`1 action) in d:\Projects\NASA Space Apps Challenge\Implementation\Orchard.Source.1.6\src\Orchard\DisplayManagement\Implementation\DefaultDisplayManager.cs:line 78
   at Orchard.InvokeExtensions.Invoke[TEvents](IEnumerable`1 events, Action`1 dispatch, ILogger logger) in d:\Projects\NASA Space Apps Challenge\Implementation\Orchard.Source.1.6\src\Orchard\InvokeExtensions.cs:line 17
2013-04-21 14:27:53,504 [12] Orchard.DisplayManagement.Implementation.DefaultDisplayManager - RuntimeBinderException thrown from Action`1 by System.Action`1[[Orchard.DisplayManagement.Implementation.ShapeDisplayingContext, Orchard.Framework, Version=1.6.0.0, Culture=neutral, PublicKeyToken=null]]
Microsoft.CSharp.RuntimeBinder.RuntimeBinderException: Cannot implicitly convert type 'Orchard.Themes.Models.ThemeEntry' to 'Orchard.ContentManagement.ContentPart'
   at CallSite.Target(Closure , CallSite , Object )
   at Orchard.DesignerTools.Services.WidgetAlternatesFactory.<Displaying>b__5(ShapeDisplayingContext displayedContext) in d:\Projects\NASA Space Apps Challenge\Implementation\Orchard.Source.1.6\src\Orchard.Web\Modules\Orchard.DesignerTools\Services\WidgetAlternatesFactory.cs:line 18
   at Orchard.DisplayManagement.Implementation.DefaultDisplayManager.<>c__DisplayClassc.<Execute>b__5(Action`1 action) in d:\Projects\NASA Space Apps Challenge\Implementation\Orchard.Source.1.6\src\Orchard\DisplayManagement\Implementation\DefaultDisplayManager.cs:line 78
   at Orchard.InvokeExtensions.Invoke[TEvents](IEnumerable`1 events, Action`1 dispatch, ILogger logger) in d:\Projects\NASA Space Apps Challenge\Implementation\Orchard.Source.1.6\src\Orchard\InvokeExtensions.cs:line 17
2013-04-21 14:27:56,817 [12] Orchard.DisplayManagement.Implementation.DefaultDisplayManager - RuntimeBinderException thrown from Action`1 by System.Action`1[[Orchard.DisplayManagement.Implementation.ShapeDisplayingContext, Orchard.Framework, Version=1.6.0.0, Culture=neutral, PublicKeyToken=null]]
Microsoft.CSharp.RuntimeBinder.RuntimeBinderException: Cannot implicitly convert type 'Orchard.Themes.Models.ThemeEntry' to 'Orchard.ContentManagement.ContentPart'
   at CallSite.Target(Closure , CallSite , Object )
   at Orchard.DesignerTools.Services.WidgetAlternatesFactory.<Displaying>b__5(ShapeDisplayingContext displayedContext) in d:\Projects\NASA Space Apps Challenge\Implementation\Orchard.Source.1.6\src\Orchard.Web\Modules\Orchard.DesignerTools\Services\WidgetAlternatesFactory.cs:line 18
   at Orchard.DisplayManagement.Implementation.DefaultDisplayManager.<>c__DisplayClassc.<Execute>b__5(Action`1 action) in d:\Projects\NASA Space Apps Challenge\Implementation\Orchard.Source.1.6\src\Orchard\DisplayManagement\Implementation\DefaultDisplayManager.cs:line 78
   at Orchard.InvokeExtensions.Invoke[TEvents](IEnumerable`1 events, Action`1 dispatch, ILogger logger) in d:\Projects\NASA Space Apps Challenge\Implementation\Orchard.Source.1.6\src\Orchard\InvokeExtensions.cs:line 17
2013-04-21 14:28:06,313 [18] Orchard.DisplayManagement.Implementation.DefaultDisplayManager - RuntimeBinderException thrown from Action`1 by System.Action`1[[Orchard.DisplayManagement.Implementation.ShapeDisplayingContext, Orchard.Framework, Version=1.6.0.0, Culture=neutral, PublicKeyToken=null]]
Microsoft.CSharp.RuntimeBinder.RuntimeBinderException: Cannot implicitly convert type 'Orchard.Themes.Models.ThemeEntry' to 'Orchard.ContentManagement.ContentPart'
   at CallSite.Target(Closure , CallSite , Object )
   at System.Dynamic.UpdateDelegates.UpdateAndExecute1[T0,TRet](CallSite site, T0 arg0)
   at CallSite.Target(Closure , CallSite , Object )
   at Orchard.DesignerTools.Services.WidgetAlternatesFactory.<Displaying>b__5(ShapeDisplayingContext displayedContext) in d:\Projects\NASA Space Apps Challenge\Implementation\Orchard.Source.1.6\src\Orchard.Web\Modules\Orchard.DesignerTools\Services\WidgetAlternatesFactory.cs:line 18
   at Orchard.DisplayManagement.Implementation.DefaultDisplayManager.<>c__DisplayClassc.<Execute>b__5(Action`1 action) in d:\Projects\NASA Space Apps Challenge\Implementation\Orchard.Source.1.6\src\Orchard\DisplayManagement\Implementation\DefaultDisplayManager.cs:line 78
   at Orchard.InvokeExtensions.Invoke[TEvents](IEnumerable`1 events, Action`1 dispatch, ILogger logger) in d:\Projects\NASA Space Apps Challenge\Implementation\Orchard.Source.1.6\src\Orchard\InvokeExtensions.cs:line 17
2013-04-21 14:28:06,421 [18] Orchard.DisplayManagement.Implementation.DefaultDisplayManager - RuntimeBinderException thrown from Action`1 by System.Action`1[[Orchard.DisplayManagement.Implementation.ShapeDisplayingContext, Orchard.Framework, Version=1.6.0.0, Culture=neutral, PublicKeyToken=null]]
Microsoft.CSharp.RuntimeBinder.RuntimeBinderException: Cannot implicitly convert type 'Orchard.Themes.Models.ThemeEntry' to 'Orchard.ContentManagement.ContentPart'
   at CallSite.Target(Closure , CallSite , Object )
   at Orchard.DesignerTools.Services.WidgetAlternatesFactory.<Displaying>b__5(ShapeDisplayingContext displayedContext) in d:\Projects\NASA Space Apps Challenge\Implementation\Orchard.Source.1.6\src\Orchard.Web\Modules\Orchard.DesignerTools\Services\WidgetAlternatesFactory.cs:line 18
   at Orchard.DisplayManagement.Implementation.DefaultDisplayManager.<>c__DisplayClassc.<Execute>b__5(Action`1 action) in d:\Projects\NASA Space Apps Challenge\Implementation\Orchard.Source.1.6\src\Orchard\DisplayManagement\Implementation\DefaultDisplayManager.cs:line 78
   at Orchard.InvokeExtensions.Invoke[TEvents](IEnumerable`1 events, Action`1 dispatch, ILogger logger) in d:\Projects\NASA Space Apps Challenge\Implementation\Orchard.Source.1.6\src\Orchard\InvokeExtensions.cs:line 17
2013-04-21 14:28:06,529 [18] Orchard.DisplayManagement.Implementation.DefaultDisplayManager - RuntimeBinderException thrown from Action`1 by System.Action`1[[Orchard.DisplayManagement.Implementation.ShapeDisplayingContext, Orchard.Framework, Version=1.6.0.0, Culture=neutral, PublicKeyToken=null]]
Microsoft.CSharp.RuntimeBinder.RuntimeBinderException: Cannot implicitly convert type 'Orchard.Themes.Models.ThemeEntry' to 'Orchard.ContentManagement.ContentPart'
   at CallSite.Target(Closure , CallSite , Object )
   at Orchard.DesignerTools.Services.WidgetAlternatesFactory.<Displaying>b__5(ShapeDisplayingContext displayedContext) in d:\Projects\NASA Space Apps Challenge\Implementation\Orchard.Source.1.6\src\Orchard.Web\Modules\Orchard.DesignerTools\Services\WidgetAlternatesFactory.cs:line 18
   at Orchard.DisplayManagement.Implementation.DefaultDisplayManager.<>c__DisplayClassc.<Execute>b__5(Action`1 action) in d:\Projects\NASA Space Apps Challenge\Implementation\Orchard.Source.1.6\src\Orchard\DisplayManagement\Implementation\DefaultDisplayManager.cs:line 78
   at Orchard.InvokeExtensions.Invoke[TEvents](IEnumerable`1 events, Action`1 dispatch, ILogger logger) in d:\Projects\NASA Space Apps Challenge\Implementation\Orchard.Source.1.6\src\Orchard\InvokeExtensions.cs:line 17
2013-04-21 14:28:47,545 [28] Orchard.DisplayManagement.Implementation.DefaultDisplayManager - RuntimeBinderException thrown from Action`1 by System.Action`1[[Orchard.DisplayManagement.Implementation.ShapeDisplayingContext, Orchard.Framework, Version=1.6.0.0, Culture=neutral, PublicKeyToken=null]]
Microsoft.CSharp.RuntimeBinder.RuntimeBinderException: Cannot implicitly convert type 'Orchard.Themes.Models.ThemeEntry' to 'Orchard.ContentManagement.ContentPart'
   at CallSite.Target(Closure , CallSite , Object )
   at System.Dynamic.UpdateDelegates.UpdateAndExecute1[T0,TRet](CallSite site, T0 arg0)
   at CallSite.Target(Closure , CallSite , Object )
   at Orchard.DesignerTools.Services.WidgetAlternatesFactory.<Displaying>b__5(ShapeDisplayingContext displayedContext) in d:\Projects\NASA Space Apps Challenge\Implementation\Orchard.Source.1.6\src\Orchard.Web\Modules\Orchard.DesignerTools\Services\WidgetAlternatesFactory.cs:line 18
   at Orchard.DisplayManagement.Implementation.DefaultDisplayManager.<>c__DisplayClassc.<Execute>b__5(Action`1 action) in d:\Projects\NASA Space Apps Challenge\Implementation\Orchard.Source.1.6\src\Orchard\DisplayManagement\Implementation\DefaultDisplayManager.cs:line 78
   at Orchard.InvokeExtensions.Invoke[TEvents](IEnumerable`1 events, Action`1 dispatch, ILogger logger) in d:\Projects\NASA Space Apps Challenge\Implementation\Orchard.Source.1.6\src\Orchard\InvokeExtensions.cs:line 17
2013-04-21 14:28:47,689 [28] Orchard.DisplayManagement.Implementation.DefaultDisplayManager - RuntimeBinderException thrown from Action`1 by System.Action`1[[Orchard.DisplayManagement.Implementation.ShapeDisplayingContext, Orchard.Framework, Version=1.6.0.0, Culture=neutral, PublicKeyToken=null]]
Microsoft.CSharp.RuntimeBinder.RuntimeBinderException: Cannot implicitly convert type 'Orchard.Themes.Models.ThemeEntry' to 'Orchard.ContentManagement.ContentPart'
   at CallSite.Target(Closure , CallSite , Object )
   at Orchard.DesignerTools.Services.WidgetAlternatesFactory.<Displaying>b__5(ShapeDisplayingContext displayedContext) in d:\Projects\NASA Space Apps Challenge\Implementation\Orchard.Source.1.6\src\Orchard.Web\Modules\Orchard.DesignerTools\Services\WidgetAlternatesFactory.cs:line 18
   at Orchard.DisplayManagement.Implementation.DefaultDisplayManager.<>c__DisplayClassc.<Execute>b__5(Action`1 action) in d:\Projects\NASA Space Apps Challenge\Implementation\Orchard.Source.1.6\src\Orchard\DisplayManagement\Implementation\DefaultDisplayManager.cs:line 78
   at Orchard.InvokeExtensions.Invoke[TEvents](IEnumerable`1 events, Action`1 dispatch, ILogger logger) in d:\Projects\NASA Space Apps Challenge\Implementation\Orchard.Source.1.6\src\Orchard\InvokeExtensions.cs:line 17
2013-04-21 14:28:47,831 [28] Orchard.DisplayManagement.Implementation.DefaultDisplayManager - RuntimeBinderException thrown from Action`1 by System.Action`1[[Orchard.DisplayManagement.Implementation.ShapeDisplayingContext, Orchard.Framework, Version=1.6.0.0, Culture=neutral, PublicKeyToken=null]]
Microsoft.CSharp.RuntimeBinder.RuntimeBinderException: Cannot implicitly convert type 'Orchard.Themes.Models.ThemeEntry' to 'Orchard.ContentManagement.ContentPart'
   at CallSite.Target(Closure , CallSite , Object )
   at Orchard.DesignerTools.Services.WidgetAlternatesFactory.<Displaying>b__5(ShapeDisplayingContext displayedContext) in d:\Projects\NASA Space Apps Challenge\Implementation\Orchard.Source.1.6\src\Orchard.Web\Modules\Orchard.DesignerTools\Services\WidgetAlternatesFactory.cs:line 18
   at Orchard.DisplayManagement.Implementation.DefaultDisplayManager.<>c__DisplayClassc.<Execute>b__5(Action`1 action) in d:\Projects\NASA Space Apps Challenge\Implementation\Orchard.Source.1.6\src\Orchard\DisplayManagement\Implementation\DefaultDisplayManager.cs:line 78
   at Orchard.InvokeExtensions.Invoke[TEvents](IEnumerable`1 events, Action`1 dispatch, ILogger logger) in d:\Projects\NASA Space Apps Challenge\Implementation\Orchard.Source.1.6\src\Orchard\InvokeExtensions.cs:line 17
2013-04-21 16:50:56,271 [23] Orchard.DisplayManagement.Implementation.DefaultDisplayManager - RuntimeBinderException thrown from Action`1 by System.Action`1[[Orchard.DisplayManagement.Implementation.ShapeDisplayingContext, Orchard.Framework, Version=1.6.0.0, Culture=neutral, PublicKeyToken=null]]
Microsoft.CSharp.RuntimeBinder.RuntimeBinderException: Cannot implicitly convert type 'Orchard.Themes.Models.ThemeEntry' to 'Orchard.ContentManagement.ContentPart'
   at CallSite.Target(Closure , CallSite , Object )
   at System.Dynamic.UpdateDelegates.UpdateAndExecute1[T0,TRet](CallSite site, T0 arg0)
   at CallSite.Target(Closure , CallSite , Object )
   at Orchard.DesignerTools.Services.WidgetAlternatesFactory.<Displaying>b__5(ShapeDisplayingContext displayedContext) in d:\Projects\NASA Space Apps Challenge\Implementation\Orchard.Source.1.6\src\Orchard.Web\Modules\Orchard.DesignerTools\Services\WidgetAlternatesFactory.cs:line 18
   at Orchard.DisplayManagement.Implementation.DefaultDisplayManager.<>c__DisplayClassc.<Execute>b__5(Action`1 action) in d:\Projects\NASA Space Apps Challenge\Implementation\Orchard.Source.1.6\src\Orchard\DisplayManagement\Implementation\DefaultDisplayManager.cs:line 78
   at Orchard.InvokeExtensions.Invoke[TEvents](IEnumerable`1 events, Action`1 dispatch, ILogger logger) in d:\Projects\NASA Space Apps Challenge\Implementation\Orchard.Source.1.6\src\Orchard\InvokeExtensions.cs:line 17
2013-04-21 16:50:57,920 [23] Orchard.DisplayManagement.Implementation.DefaultDisplayManager - RuntimeBinderException thrown from Action`1 by System.Action`1[[Orchard.DisplayManagement.Implementation.ShapeDisplayingContext, Orchard.Framework, Version=1.6.0.0, Culture=neutral, PublicKeyToken=null]]
Microsoft.CSharp.RuntimeBinder.RuntimeBinderException: Cannot implicitly convert type 'Orchard.Themes.Models.ThemeEntry' to 'Orchard.ContentManagement.ContentPart'
   at CallSite.Target(Closure , CallSite , Object )
   at Orchard.DesignerTools.Services.WidgetAlternatesFactory.<Displaying>b__5(ShapeDisplayingContext displayedContext) in d:\Projects\NASA Space Apps Challenge\Implementation\Orchard.Source.1.6\src\Orchard.Web\Modules\Orchard.DesignerTools\Services\WidgetAlternatesFactory.cs:line 18
   at Orchard.DisplayManagement.Implementation.DefaultDisplayManager.<>c__DisplayClassc.<Execute>b__5(Action`1 action) in d:\Projects\NASA Space Apps Challenge\Implementation\Orchard.Source.1.6\src\Orchard\DisplayManagement\Implementation\DefaultDisplayManager.cs:line 78
   at Orchard.InvokeExtensions.Invoke[TEvents](IEnumerable`1 events, Action`1 dispatch, ILogger logger) in d:\Projects\NASA Space Apps Challenge\Implementation\Orchard.Source.1.6\src\Orchard\InvokeExtensions.cs:line 17
2013-04-21 16:51:00,785 [23] Orchard.DisplayManagement.Implementation.DefaultDisplayManager - RuntimeBinderException thrown from Action`1 by System.Action`1[[Orchard.DisplayManagement.Implementation.ShapeDisplayingContext, Orchard.Framework, Version=1.6.0.0, Culture=neutral, PublicKeyToken=null]]
Microsoft.CSharp.RuntimeBinder.RuntimeBinderException: Cannot implicitly convert type 'Orchard.Themes.Models.ThemeEntry' to 'Orchard.ContentManagement.ContentPart'
   at CallSite.Target(Closure , CallSite , Object )
   at Orchard.DesignerTools.Services.WidgetAlternatesFactory.<Displaying>b__5(ShapeDisplayingContext displayedContext) in d:\Projects\NASA Space Apps Challenge\Implementation\Orchard.Source.1.6\src\Orchard.Web\Modules\Orchard.DesignerTools\Services\WidgetAlternatesFactory.cs:line 18
   at Orchard.DisplayManagement.Implementation.DefaultDisplayManager.<>c__DisplayClassc.<Execute>b__5(Action`1 action) in d:\Projects\NASA Space Apps Challenge\Implementation\Orchard.Source.1.6\src\Orchard\DisplayManagement\Implementation\DefaultDisplayManager.cs:line 78
   at Orchard.InvokeExtensions.Invoke[TEvents](IEnumerable`1 events, Action`1 dispatch, ILogger logger) in d:\Projects\NASA Space Apps Challenge\Implementation\Orchard.Source.1.6\src\Orchard\InvokeExtensions.cs:line 17
